Begin initializing ...
Begin initializing ...
Begin initializing ...
Begin initializing ...
Begin initializing ...
Begin initializing ...
Begin initializing ...
Begin initializing ...
Begin calculating ...
Begin calculating ...
Begin calculating ...
Begin calculating ...
Begin calculating ...
Begin calculating ...
Begin calculating ...
Begin calculating ...

Calculation time: 
Calculation time: 
Calculation time: 
Calculation time: 
Calculation time: 
1.24 seconds
1.24 seconds
1.24 seconds
Calculation time: 1.23 seconds

Calculation time: 1.22 seconds
1.24 seconds
1.24 seconds

Calculation time: 1.23 seconds
