Begin initializing ...
Begin initializing ...
Begin initializing ...
Begin initializing ...
Begin calculating ...
Begin calculating ...
Begin calculating ...
Begin calculating ...
Begin initializing ...
Begin initializing ...
Begin initializing ...
Begin initializing ...
Begin initializing ...
Begin initializing ...
Begin initializing ...
Begin initializing ...
Begin initializing ...
Begin initializing ...
Begin initializing ...
Begin initializing ...
Begin calculating ...
Begin calculating ...
Begin calculating ...
Begin calculating ...
Begin calculating ...
Begin calculating ...
Begin calculating ...
Begin calculating ...
Begin calculating ...
Begin calculating ...
Begin calculating ...
Begin calculating ...

Calculation time: 0.19 seconds

Calculation time: 0.18 seconds

Calculation time: 0.17 seconds

Calculation time: 0.19 seconds

Calculation time: 0.19 seconds

Calculation time: 0.18 seconds

Calculation time: 0.19 seconds

Calculation time: 0.19 seconds

Calculation time: 
Calculation time: 0.16 seconds

Calculation time: 0.19 seconds
Calculation time: 0.19 seconds
Calculation time: 0.19 seconds

Calculation time: 0.18 seconds


0.19 seconds

Calculation time: 0.18 seconds

Calculation time: 0.19 seconds
