Begin initializing ...
Begin initializing ...
Begin initializing ...
Begin initializing ...
Begin initializing ...
Begin initializing ...
Begin initializing ...
Begin initializing ...
Begin calculating ...
Begin calculating ...
Begin calculating ...
Begin calculating ...
Begin calculating ...
Begin calculating ...
Begin calculating ...
Begin calculating ...

Calculation time: 
Calculation time: 
Calculation time: 5.47 seconds
5.48 seconds

Calculation time: 5.47 seconds
Calculation time: 
Calculation time: 5.47 seconds


Calculation time: 5.47 seconds
5.47 seconds
5.47 seconds

Calculation time: 5.48 seconds
