Begin initializing ...
Begin initializing ...
Begin initializing ...
Begin initializing ...
Begin initializing ...
Begin initializing ...
Begin initializing ...
Begin initializing ...
Begin initializing ...
Begin initializing ...
Begin initializing ...
Begin initializing ...
Begin initializing ...
Begin initializing ...
Begin initializing ...
Begin initializing ...
Begin calculating ...
Begin calculating ...
Begin calculating ...
Begin calculating ...
Begin calculating ...
Begin calculating ...
Begin calculating ...
Begin calculating ...
Begin calculating ...
Begin calculating ...
Begin calculating ...
Begin calculating ...
Begin calculating ...
Begin calculating ...
Begin calculating ...
Begin calculating ...

Calculation time: 2.09 seconds

Calculation time: 2.06 seconds

Calculation time: 2.09 seconds

Calculation time: 2.09 seconds

Calculation time: 2.08 seconds

Calculation time: 2.09 seconds

Calculation time: 2.08
Calculation time: 
Calculation time: 2.09 seconds

Calculation time: 2.09 seconds

Calculation time: 2.08 seconds

Calculation time: 2.08 seconds
 seconds
2.09 seconds

Calculation time: 
Calculation time: 2.09 seconds
2.09 seconds

Calculation time: 2.08 seconds

Calculation time: 2.09 seconds
