Begin initializing ...
Begin initializing ...
Begin initializing ...
Begin initializing ...
Begin initializing ...
Begin initializing ...
Begin initializing ...
Begin initializing ...
Begin calculating ...
Begin calculating ...
Begin calculating ...
Begin calculating ...
Begin calculating ...
Begin calculating ...
Begin calculating ...
Begin calculating ...

Calculation time: 
Calculation time: 0.38
Calculation time: 0.38 seconds

Calculation time: 0.38 seconds
0.37 seconds
 seconds

Calculation time: 
Calculation time: 0.37 seconds
0.38 seconds

Calculation time: 0.37 seconds

Calculation time: 0.38 seconds
